0 silly argv {
0 silly argv   _: [ 'create' ],
0 silly argv   lernaVersion: '3.22.1',
0 silly argv   '$0': '/usr/local/bin/lerna',
0 silly argv   name: 'types'
0 silly argv }
1 notice cli v3.22.1
2 verbose rootPath /Users/mdonat/Development/src/github.com/utilitywarehouse/customer-tracking-sdk/js
3 error Error: canceled
3 error     at Interface.<anonymous> (/usr/local/lib/node_modules/lerna/node_modules/read/lib/read.js:66:13)
3 error     at Interface.emit (events.js:209:13)
3 error     at Interface._ttyWrite (readline.js:887:16)
3 error     at ReadStream.onkeypress (readline.js:191:10)
3 error     at ReadStream.emit (events.js:209:13)
3 error     at emitKeys (internal/readline/utils.js:433:14)
3 error     at emitKeys.next (<anonymous>)
3 error     at ReadStream.onData (readline.js:1153:36)
3 error     at ReadStream.emit (events.js:209:13)
3 error     at addChunk (_stream_readable.js:305:12)
3 error     at readableAddChunk (_stream_readable.js:286:11)
3 error     at ReadStream.Readable.push (_stream_readable.js:220:10)
